  Animation.cpp
C:\Users\kolya\Documents\Projects\MyAsteroids\Animation.cpp(13,28): warning C4244: аргумент: преобразование "int" в "float", возможна потеря данных
  Asteroid.cpp
C:\Users\kolya\Documents\Projects\MyAsteroids\Animation.cpp(13,21): warning C4244: аргумент: преобразование "int" в "float", возможна потеря данных
C:\Users\kolya\Documents\Projects\MyAsteroids\Asteroid.cpp(5,18): warning C4244: =: преобразование "int" в "float", возможна потеря данных
  Bullet.cpp
  Entity.cpp
C:\Users\kolya\Documents\Projects\MyAsteroids\Asteroid.cpp(6,18): warning C4244: =: преобразование "int" в "float", возможна потеря данных
C:\Users\kolya\Documents\Projects\MyAsteroids\Entity.cpp(68,6): warning C4244: =: преобразование "int" в "float", возможна потеря данных
C:\Users\kolya\Documents\Projects\MyAsteroids\Entity.cpp(68,13): warning C4244: =: преобразование "int" в "float", возможна потеря данных
C:\Users\kolya\Documents\Projects\MyAsteroids\Entity.cpp(70,6): warning C4244: =: преобразование "int" в "float", возможна потеря данных
C:\Users\kolya\Documents\Projects\MyAsteroids\Entity.cpp(75,6): warning C4244: =: преобразование "int" в "float", возможна потеря данных
  main.cpp
C:\Users\kolya\Documents\Projects\MyAsteroids\Entity.cpp(75,13): warning C4244: =: преобразование "int" в "float", возможна потеря данных
C:\Users\kolya\Documents\Projects\MyAsteroids\main.cpp(21,12): warning C4244: аргумент: преобразование "time_t" в "unsigned int", возможна потеря данных
C:\Users\kolya\Documents\Projects\MyAsteroids\main.cpp(41,51): warning C4305: аргумент: усечение из "double" в "float"
C:\Users\kolya\Documents\Projects\MyAsteroids\main.cpp(42,63): warning C4305: аргумент: усечение из "double" в "float"
C:\Users\kolya\Documents\Projects\MyAsteroids\main.cpp(43,55): warning C4305: аргумент: усечение из "double" в "float"
C:\Users\kolya\Documents\Projects\MyAsteroids\main.cpp(54,53): warning C4244: аргумент: преобразование "int" в "float", возможна потеря данных
C:\Users\kolya\Documents\Projects\MyAsteroids\main.cpp(75,45): warning C4244: аргумент: преобразование "float" в "int", возможна потеря данных
C:\Users\kolya\Documents\Projects\MyAsteroids\main.cpp(75,34): warning C4244: аргумент: преобразование "float" в "int", возможна потеря данных
C:\Users\kolya\Documents\Projects\MyAsteroids\main.cpp(96,49): warning C4244: аргумент: преобразование "float" в "int", возможна потеря данных
C:\Users\kolya\Documents\Projects\MyAsteroids\main.cpp(96,38): warning C4244: аргумент: преобразование "float" в "int", возможна потеря данных
C:\Users\kolya\Documents\Projects\MyAsteroids\main.cpp(105,62): warning C4244: аргумент: преобразование "int" в "float", возможна потеря данных
C:\Users\kolya\Documents\Projects\MyAsteroids\main.cpp(105,51): warning C4244: аргумент: преобразование "float" в "int", возможна потеря данных
C:\Users\kolya\Documents\Projects\MyAsteroids\main.cpp(105,40): warning C4244: аргумент: преобразование "float" в "int", возможна потеря данных
C:\Users\kolya\Documents\Projects\MyAsteroids\main.cpp(117,54): warning C4244: аргумент: преобразование "float" в "int", возможна потеря данных
C:\Users\kolya\Documents\Projects\MyAsteroids\main.cpp(117,43): warning C4244: аргумент: преобразование "float" в "int", возможна потеря данных
  Player.cpp
C:\Users\kolya\Documents\Projects\MyAsteroids\main.cpp(138,45): warning C4244: аргумент: преобразование "int" в "float", возможна потеря данных
C:\Users\kolya\Documents\Projects\MyAsteroids\Player.cpp(20,36): warning C4244: +=: преобразование "double" в "float", возможна потеря данных
C:\Users\kolya\Documents\Projects\MyAsteroids\Player.cpp(21,36): warning C4244: +=: преобразование "double" в "float", возможна потеря данных
C:\Users\kolya\Documents\Projects\MyAsteroids\Player.cpp(25,13): warning C4305: *=: усечение из "double" в "float"
  Создание кода...
C:\Users\kolya\Documents\Projects\MyAsteroids\Player.cpp(26,13): warning C4305: *=: усечение из "double" в "float"
Bullet.obj : error LNK2005: "float DEGtoRAD" (?DEGtoRAD@@3MA) уже определен в Asteroid.obj
Entity.obj : error LNK2005: "float DEGtoRAD" (?DEGtoRAD@@3MA) уже определен в Asteroid.obj
main.obj : error LNK2005: "float DEGtoRAD" (?DEGtoRAD@@3MA) уже определен в Asteroid.obj
Player.obj : error LNK2005: "float DEGtoRAD" (?DEGtoRAD@@3MA) уже определен в Asteroid.obj
Entity.obj : error LNK2001: неразрешенный внешний символ ""public: static class sf::RenderStates const sf::RenderStates::Default" (?Default@RenderStates@sf@@2V12@B)"
main.obj : error LNK2001: неразрешенный внешний символ ""public: static class sf::RenderStates const sf::RenderStates::Default" (?Default@RenderStates@sf@@2V12@B)"
C:\Users\kolya\Documents\Projects\MyAsteroids\Debug\MyAsteroids.exe : fatal error LNK1120: неразрешенных внешних элементов: 1
