  main.cpp
C:\Users\kolya\Documents\Projects\MyAsteroids\MyAsteroids\main.cpp(29,28): warning C4244: аргумент: преобразование "int" в "float", возможна потеря данных
C:\Users\kolya\Documents\Projects\MyAsteroids\MyAsteroids\main.cpp(29,24): warning C4244: аргумент: преобразование "int" в "float", возможна потеря данных
C:\Users\kolya\Documents\Projects\MyAsteroids\MyAsteroids\main.cpp(66,8): warning C4244: =: преобразование "int" в "float", возможна потеря данных
C:\Users\kolya\Documents\Projects\MyAsteroids\MyAsteroids\main.cpp(66,13): warning C4244: =: преобразование "int" в "float", возможна потеря данных
C:\Users\kolya\Documents\Projects\MyAsteroids\MyAsteroids\main.cpp(68,10): warning C4244: =: преобразование "int" в "float", возможна потеря данных
C:\Users\kolya\Documents\Projects\MyAsteroids\MyAsteroids\main.cpp(95,17): warning C4244: =: преобразование "int" в "float", возможна потеря данных
C:\Users\kolya\Documents\Projects\MyAsteroids\MyAsteroids\main.cpp(96,17): warning C4244: =: преобразование "int" в "float", возможна потеря данных
C:\Users\kolya\Documents\Projects\MyAsteroids\MyAsteroids\main.cpp(147,1): warning C4244: +=: преобразование "double" в "float", возможна потеря данных
C:\Users\kolya\Documents\Projects\MyAsteroids\MyAsteroids\main.cpp(148,1): warning C4244: +=: преобразование "double" в "float", возможна потеря данных
C:\Users\kolya\Documents\Projects\MyAsteroids\MyAsteroids\main.cpp(150,1): warning C4305: *=: усечение из "double" в "float"
C:\Users\kolya\Documents\Projects\MyAsteroids\MyAsteroids\main.cpp(151,1): warning C4305: *=: усечение из "double" в "float"
C:\Users\kolya\Documents\Projects\MyAsteroids\MyAsteroids\main.cpp(179,15): warning C4244: аргумент: преобразование "time_t" в "unsigned int", возможна потеря данных
C:\Users\kolya\Documents\Projects\MyAsteroids\MyAsteroids\main.cpp(199,44): warning C4305: аргумент: усечение из "double" в "float"
C:\Users\kolya\Documents\Projects\MyAsteroids\MyAsteroids\main.cpp(200,50): warning C4305: аргумент: усечение из "double" в "float"
C:\Users\kolya\Documents\Projects\MyAsteroids\MyAsteroids\main.cpp(201,46): warning C4305: аргумент: усечение из "double" в "float"
C:\Users\kolya\Documents\Projects\MyAsteroids\MyAsteroids\main.cpp(212,52): warning C4244: аргумент: преобразование "int" в "float", возможна потеря данных
C:\Users\kolya\Documents\Projects\MyAsteroids\MyAsteroids\main.cpp(233,43): warning C4244: аргумент: преобразование "float" в "int", возможна потеря данных
C:\Users\kolya\Documents\Projects\MyAsteroids\MyAsteroids\main.cpp(233,38): warning C4244: аргумент: преобразование "float" в "int", возможна потеря данных
C:\Users\kolya\Documents\Projects\MyAsteroids\MyAsteroids\main.cpp(254,42): warning C4244: аргумент: преобразование "float" в "int", возможна потеря данных
C:\Users\kolya\Documents\Projects\MyAsteroids\MyAsteroids\main.cpp(254,37): warning C4244: аргумент: преобразование "float" в "int", возможна потеря данных
C:\Users\kolya\Documents\Projects\MyAsteroids\MyAsteroids\main.cpp(263,54): warning C4244: аргумент: преобразование "int" в "float", возможна потеря данных
C:\Users\kolya\Documents\Projects\MyAsteroids\MyAsteroids\main.cpp(263,44): warning C4244: аргумент: преобразование "float" в "int", возможна потеря данных
C:\Users\kolya\Documents\Projects\MyAsteroids\MyAsteroids\main.cpp(263,39): warning C4244: аргумент: преобразование "float" в "int", возможна потеря данных
C:\Users\kolya\Documents\Projects\MyAsteroids\MyAsteroids\main.cpp(275,47): warning C4244: аргумент: преобразование "float" в "int", возможна потеря данных
C:\Users\kolya\Documents\Projects\MyAsteroids\MyAsteroids\main.cpp(275,42): warning C4244: аргумент: преобразование "float" в "int", возможна потеря данных
C:\Users\kolya\Documents\Projects\MyAsteroids\MyAsteroids\main.cpp(296,45): warning C4244: аргумент: преобразование "int" в "float", возможна потеря данных
  Создание кода
  235 of 238 functions (98.7%) were compiled, the rest were copied from previous compilation.
    234 functions were new in current compilation
    0 functions had inline decision re-evaluated but remain unchanged
  Создание кода завершено
  MyAsteroids.vcxproj -> C:\Users\kolya\Documents\Projects\MyAsteroids\MyAsteroids\Release\MyAsteroids.exe
